<?xml version="1.0" encoding="UTF-8"?>
<testng-results skipped="0" failed="2" ignored="0" total="13" passed="11">
  <reporter-output>
  </reporter-output>
  <suite name="Android Eq-Suite" duration-ms="60252" started-at="2022-10-20T20:38:18 IST" finished-at="2022-10-20T20:39:19 IST">
    <groups>
    </groups>
    <test name="Eq-iOS Device Test" duration-ms="60252" started-at="2022-10-20T20:38:18 IST" finished-at="2022-10-20T20:39:19 IST">
      <class name="org.api.AsanaGetRequestTest01">
        <test-method status="PASS" signature="beforeTest()[pri:0, instance:org.api.AsanaGetRequestTest01@559af296]" name="beforeTest" is-config="true" duration-ms="1365" started-at="2022-10-20T20:38:18 IST" finished-at="2022-10-20T20:38:20 IST">
          <reporter-output>
          </reporter-output>
        </test-method> <!-- beforeTest -->
        <test-method status="PASS" signature="GetAsanaUsersTest04()[pri:0, instance:org.api.AsanaGetRequestTest01@559af296]" name="GetAsanaUsersTest04" duration-ms="3839" started-at="2022-10-20T20:38:57 IST" finished-at="2022-10-20T20:39:01 IST">
          <reporter-output>
          </reporter-output>
        </test-method> <!-- GetAsanaUsersTest04 -->
        <test-method status="PASS" signature="GetAsanaUsersUnderWorkspaceTest04()[pri:0, instance:org.api.AsanaGetRequestTest01@559af296]" name="GetAsanaUsersUnderWorkspaceTest04" duration-ms="1306" started-at="2022-10-20T20:39:01 IST" finished-at="2022-10-20T20:39:02 IST">
          <reporter-output>
          </reporter-output>
        </test-method> <!-- GetAsanaUsersUnderWorkspaceTest04 -->
        <test-method status="FAIL" signature="JsonParserT01()[pri:0, instance:org.api.AsanaGetRequestTest01@559af296]" name="JsonParserT01" duration-ms="4" started-at="2022-10-20T20:39:02 IST" finished-at="2022-10-20T20:39:02 IST">
          <exception class="java.io.FileNotFoundException">
            <message>
              <![CDATA[.\src\test\resources\data\samplejson.json (The system cannot find the path specified)]]>
            </message>
            <full-stacktrace>
              <![CDATA[java.io.FileNotFoundException: .\src\test\resources\data\samplejson.json (The system cannot find the path specified)
at java.io.FileInputStream.open0(Native Method)
at java.io.FileInputStream.open(FileInputStream.java:195)
at java.io.FileInputStream.<init>(FileInputStream.java:138)
at java.io.FileInputStream.<init>(FileInputStream.java:93)
at java.io.FileReader.<init>(FileReader.java:58)
at org.api.AsanaGetRequestTest01.JsonParserT01(AsanaGetRequestTest01.java:214)
at sun.reflect.NativeMethodAccessorImpl.invoke0(Native Method)
at sun.reflect.NativeMethodAccessorImpl.invoke(NativeMethodAccessorImpl.java:62)
at sun.reflect.DelegatingMethodAccessorImpl.invoke(DelegatingMethodAccessorImpl.java:43)
at java.lang.reflect.Method.invoke(Method.java:498)
at org.testng.internal.invokers.MethodInvocationHelper.invokeMethod(MethodInvocationHelper.java:135)
at org.testng.internal.invokers.TestInvoker.invokeMethod(TestInvoker.java:673)
at org.testng.internal.invokers.TestInvoker.invokeTestMethod(TestInvoker.java:220)
at org.testng.internal.invokers.MethodRunner.runInSequence(MethodRunner.java:50)
at org.testng.internal.invokers.TestInvoker$MethodInvocationAgent.invoke(TestInvoker.java:945)
at org.testng.internal.invokers.TestInvoker.invokeTestMethods(TestInvoker.java:193)
at org.testng.internal.invokers.TestMethodWorker.invokeTestMethods(TestMethodWorker.java:146)
at org.testng.internal.invokers.TestMethodWorker.run(TestMethodWorker.java:128)
at java.util.ArrayList.forEach(ArrayList.java:1249)
at org.testng.TestRunner.privateRun(TestRunner.java:808)
at org.testng.TestRunner.run(TestRunner.java:603)
at org.testng.SuiteRunner.runTest(SuiteRunner.java:429)
at org.testng.SuiteRunner.runSequentially(SuiteRunner.java:423)
at org.testng.SuiteRunner.privateRun(SuiteRunner.java:383)
at org.testng.SuiteRunner.run(SuiteRunner.java:326)
at org.testng.SuiteRunnerWorker.runSuite(SuiteRunnerWorker.java:52)
at org.testng.SuiteRunnerWorker.run(SuiteRunnerWorker.java:95)
at org.testng.TestNG.runSuitesSequentially(TestNG.java:1249)
at org.testng.TestNG.runSuitesLocally(TestNG.java:1169)
at org.testng.TestNG.runSuites(TestNG.java:1092)
at org.testng.TestNG.run(TestNG.java:1060)
at org.apache.maven.surefire.testng.TestNGExecutor.run(TestNGExecutor.java:284)
at org.apache.maven.surefire.testng.TestNGXmlTestSuite.execute(TestNGXmlTestSuite.java:75)
at org.apache.maven.surefire.testng.TestNGProvider.invoke(TestNGProvider.java:119)
at sun.reflect.NativeMethodAccessorImpl.invoke0(Native Method)
at sun.reflect.NativeMethodAccessorImpl.invoke(NativeMethodAccessorImpl.java:62)
at sun.reflect.DelegatingMethodAccessorImpl.invoke(DelegatingMethodAccessorImpl.java:43)
at java.lang.reflect.Method.invoke(Method.java:498)
at org.apache.maven.surefire.api.util.ReflectionUtils.invokeMethodWithArray2(ReflectionUtils.java:167)
at org.apache.maven.surefire.booter.ProviderFactory$ProviderProxy.invoke(ProviderFactory.java:161)
at org.apache.maven.surefire.booter.ProviderFactory.invokeProvider(ProviderFactory.java:84)
at org.apache.maven.plugin.surefire.InPluginVMSurefireStarter.runSuitesInProcess(InPluginVMSurefireStarter.java:87)
at org.apache.maven.plugin.surefire.AbstractSurefireMojo.executeProvider(AbstractSurefireMojo.java:1295)
at org.apache.maven.plugin.surefire.AbstractSurefireMojo.executeAfterPreconditionsChecked(AbstractSurefireMojo.java:1159)
at org.apache.maven.plugin.surefire.AbstractSurefireMojo.execute(AbstractSurefireMojo.java:932)
at org.apache.maven.plugin.DefaultBuildPluginManager.executeMojo(DefaultBuildPluginManager.java:137)
at org.apache.maven.lifecycle.internal.MojoExecutor.execute(MojoExecutor.java:210)
at org.apache.maven.lifecycle.internal.MojoExecutor.execute(MojoExecutor.java:156)
at org.apache.maven.lifecycle.internal.MojoExecutor.execute(MojoExecutor.java:148)
at org.apache.maven.lifecycle.internal.LifecycleModuleBuilder.buildProject(LifecycleModuleBuilder.java:117)
at org.apache.maven.lifecycle.internal.LifecycleModuleBuilder.buildProject(LifecycleModuleBuilder.java:81)
at org.apache.maven.lifecycle.internal.builder.singlethreaded.SingleThreadedBuilder.build(SingleThreadedBuilder.java:56)
at org.apache.maven.lifecycle.internal.LifecycleStarter.execute(LifecycleStarter.java:128)
at org.apache.maven.DefaultMaven.doExecute(DefaultMaven.java:305)
at org.apache.maven.DefaultMaven.doExecute(DefaultMaven.java:192)
at org.apache.maven.DefaultMaven.execute(DefaultMaven.java:105)
at org.apache.maven.cli.MavenCli.execute(MavenCli.java:972)
at org.apache.maven.cli.MavenCli.doMain(MavenCli.java:293)
at org.apache.maven.cli.MavenCli.main(MavenCli.java:196)
at sun.reflect.NativeMethodAccessorImpl.invoke0(Native Method)
at sun.reflect.NativeMethodAccessorImpl.invoke(NativeMethodAccessorImpl.java:62)
at sun.reflect.DelegatingMethodAccessorImpl.invoke(DelegatingMethodAccessorImpl.java:43)
at java.lang.reflect.Method.invoke(Method.java:498)
at org.codehaus.plexus.classworlds.launcher.Launcher.launchEnhanced(Launcher.java:282)
at org.codehaus.plexus.classworlds.launcher.Launcher.launch(Launcher.java:225)
at org.codehaus.plexus.classworlds.launcher.Launcher.mainWithExitCode(Launcher.java:406)
at org.codehaus.plexus.classworlds.launcher.Launcher.main(Launcher.java:347)
]]>
            </full-stacktrace>
          </exception> <!-- java.io.FileNotFoundException -->
          <reporter-output>
          </reporter-output>
        </test-method> <!-- JsonParserT01 -->
        <test-method status="PASS" signature="JsonPathExampleTest()[pri:0, instance:org.api.AsanaGetRequestTest01@559af296]" name="JsonPathExampleTest" duration-ms="4408" started-at="2022-10-20T20:39:02 IST" finished-at="2022-10-20T20:39:07 IST">
          <reporter-output>
          </reporter-output>
        </test-method> <!-- JsonPathExampleTest -->
        <test-method status="PASS" signature="ParseJsonTest()[pri:0, instance:org.api.AsanaGetRequestTest01@559af296]" name="ParseJsonTest" duration-ms="2" started-at="2022-10-20T20:39:07 IST" finished-at="2022-10-20T20:39:07 IST">
          <reporter-output>
          </reporter-output>
        </test-method> <!-- ParseJsonTest -->
        <test-method status="FAIL" signature="ParseWorkspaceResonseT02()[pri:0, instance:org.api.AsanaGetRequestTest01@559af296]" name="ParseWorkspaceResonseT02" duration-ms="2" started-at="2022-10-20T20:39:07 IST" finished-at="2022-10-20T20:39:07 IST">
          <exception class="java.io.FileNotFoundException">
            <message>
              <![CDATA[.\src\test\resources\data\workspace_response.json (The system cannot find the path specified)]]>
            </message>
            <full-stacktrace>
              <![CDATA[java.io.FileNotFoundException: .\src\test\resources\data\workspace_response.json (The system cannot find the path specified)
at java.io.FileInputStream.open0(Native Method)
at java.io.FileInputStream.open(FileInputStream.java:195)
at java.io.FileInputStream.<init>(FileInputStream.java:138)
at java.io.FileInputStream.<init>(FileInputStream.java:93)
at java.io.FileReader.<init>(FileReader.java:58)
at org.api.AsanaGetRequestTest01.ParseWorkspaceResonseT02(AsanaGetRequestTest01.java:236)
at sun.reflect.NativeMethodAccessorImpl.invoke0(Native Method)
at sun.reflect.NativeMethodAccessorImpl.invoke(NativeMethodAccessorImpl.java:62)
at sun.reflect.DelegatingMethodAccessorImpl.invoke(DelegatingMethodAccessorImpl.java:43)
at java.lang.reflect.Method.invoke(Method.java:498)
at org.testng.internal.invokers.MethodInvocationHelper.invokeMethod(MethodInvocationHelper.java:135)
at org.testng.internal.invokers.TestInvoker.invokeMethod(TestInvoker.java:673)
at org.testng.internal.invokers.TestInvoker.invokeTestMethod(TestInvoker.java:220)
at org.testng.internal.invokers.MethodRunner.runInSequence(MethodRunner.java:50)
at org.testng.internal.invokers.TestInvoker$MethodInvocationAgent.invoke(TestInvoker.java:945)
at org.testng.internal.invokers.TestInvoker.invokeTestMethods(TestInvoker.java:193)
at org.testng.internal.invokers.TestMethodWorker.invokeTestMethods(TestMethodWorker.java:146)
at org.testng.internal.invokers.TestMethodWorker.run(TestMethodWorker.java:128)
at java.util.ArrayList.forEach(ArrayList.java:1249)
at org.testng.TestRunner.privateRun(TestRunner.java:808)
at org.testng.TestRunner.run(TestRunner.java:603)
at org.testng.SuiteRunner.runTest(SuiteRunner.java:429)
at org.testng.SuiteRunner.runSequentially(SuiteRunner.java:423)
at org.testng.SuiteRunner.privateRun(SuiteRunner.java:383)
at org.testng.SuiteRunner.run(SuiteRunner.java:326)
at org.testng.SuiteRunnerWorker.runSuite(SuiteRunnerWorker.java:52)
at org.testng.SuiteRunnerWorker.run(SuiteRunnerWorker.java:95)
at org.testng.TestNG.runSuitesSequentially(TestNG.java:1249)
at org.testng.TestNG.runSuitesLocally(TestNG.java:1169)
at org.testng.TestNG.runSuites(TestNG.java:1092)
at org.testng.TestNG.run(TestNG.java:1060)
at org.apache.maven.surefire.testng.TestNGExecutor.run(TestNGExecutor.java:284)
at org.apache.maven.surefire.testng.TestNGXmlTestSuite.execute(TestNGXmlTestSuite.java:75)
at org.apache.maven.surefire.testng.TestNGProvider.invoke(TestNGProvider.java:119)
at sun.reflect.NativeMethodAccessorImpl.invoke0(Native Method)
at sun.reflect.NativeMethodAccessorImpl.invoke(NativeMethodAccessorImpl.java:62)
at sun.reflect.DelegatingMethodAccessorImpl.invoke(DelegatingMethodAccessorImpl.java:43)
at java.lang.reflect.Method.invoke(Method.java:498)
at org.apache.maven.surefire.api.util.ReflectionUtils.invokeMethodWithArray2(ReflectionUtils.java:167)
at org.apache.maven.surefire.booter.ProviderFactory$ProviderProxy.invoke(ProviderFactory.java:161)
at org.apache.maven.surefire.booter.ProviderFactory.invokeProvider(ProviderFactory.java:84)
at org.apache.maven.plugin.surefire.InPluginVMSurefireStarter.runSuitesInProcess(InPluginVMSurefireStarter.java:87)
at org.apache.maven.plugin.surefire.AbstractSurefireMojo.executeProvider(AbstractSurefireMojo.java:1295)
at org.apache.maven.plugin.surefire.AbstractSurefireMojo.executeAfterPreconditionsChecked(AbstractSurefireMojo.java:1159)
at org.apache.maven.plugin.surefire.AbstractSurefireMojo.execute(AbstractSurefireMojo.java:932)
at org.apache.maven.plugin.DefaultBuildPluginManager.executeMojo(DefaultBuildPluginManager.java:137)
at org.apache.maven.lifecycle.internal.MojoExecutor.execute(MojoExecutor.java:210)
at org.apache.maven.lifecycle.internal.MojoExecutor.execute(MojoExecutor.java:156)
at org.apache.maven.lifecycle.internal.MojoExecutor.execute(MojoExecutor.java:148)
at org.apache.maven.lifecycle.internal.LifecycleModuleBuilder.buildProject(LifecycleModuleBuilder.java:117)
at org.apache.maven.lifecycle.internal.LifecycleModuleBuilder.buildProject(LifecycleModuleBuilder.java:81)
at org.apache.maven.lifecycle.internal.builder.singlethreaded.SingleThreadedBuilder.build(SingleThreadedBuilder.java:56)
at org.apache.maven.lifecycle.internal.LifecycleStarter.execute(LifecycleStarter.java:128)
at org.apache.maven.DefaultMaven.doExecute(DefaultMaven.java:305)
at org.apache.maven.DefaultMaven.doExecute(DefaultMaven.java:192)
at org.apache.maven.DefaultMaven.execute(DefaultMaven.java:105)
at org.apache.maven.cli.MavenCli.execute(MavenCli.java:972)
at org.apache.maven.cli.MavenCli.doMain(MavenCli.java:293)
at org.apache.maven.cli.MavenCli.main(MavenCli.java:196)
at sun.reflect.NativeMethodAccessorImpl.invoke0(Native Method)
at sun.reflect.NativeMethodAccessorImpl.invoke(NativeMethodAccessorImpl.java:62)
at sun.reflect.DelegatingMethodAccessorImpl.invoke(DelegatingMethodAccessorImpl.java:43)
at java.lang.reflect.Method.invoke(Method.java:498)
at org.codehaus.plexus.classworlds.launcher.Launcher.launchEnhanced(Launcher.java:282)
at org.codehaus.plexus.classworlds.launcher.Launcher.launch(Launcher.java:225)
at org.codehaus.plexus.classworlds.launcher.Launcher.mainWithExitCode(Launcher.java:406)
at org.codehaus.plexus.classworlds.launcher.Launcher.main(Launcher.java:347)
]]>
            </full-stacktrace>
          </exception> <!-- java.io.FileNotFoundException -->
          <reporter-output>
          </reporter-output>
        </test-method> <!-- ParseWorkspaceResonseT02 -->
        <test-method status="PASS" signature="Test03()[pri:0, instance:org.api.AsanaGetRequestTest01@559af296]" name="Test03" duration-ms="1242" started-at="2022-10-20T20:39:07 IST" finished-at="2022-10-20T20:39:08 IST">
          <reporter-output>
          </reporter-output>
        </test-method> <!-- Test03 -->
        <test-method status="PASS" signature="getAsanaWorkSpacesTest01()[pri:0, instance:org.api.AsanaGetRequestTest01@559af296]" name="getAsanaWorkSpacesTest01" duration-ms="1558" started-at="2022-10-20T20:39:08 IST" finished-at="2022-10-20T20:39:09 IST">
          <reporter-output>
          </reporter-output>
        </test-method> <!-- getAsanaWorkSpacesTest01 -->
        <test-method status="PASS" signature="getTotalAsanaProjectsTest02()[pri:0, instance:org.api.AsanaGetRequestTest01@559af296]" name="getTotalAsanaProjectsTest02" duration-ms="1865" started-at="2022-10-20T20:39:09 IST" finished-at="2022-10-20T20:39:11 IST">
          <reporter-output>
          </reporter-output>
        </test-method> <!-- getTotalAsanaProjectsTest02 -->
        <test-method status="PASS" signature="afterTest()[pri:0, instance:org.api.AsanaGetRequestTest01@559af296]" name="afterTest" is-config="true" duration-ms="1" started-at="2022-10-20T20:39:17 IST" finished-at="2022-10-20T20:39:17 IST">
          <reporter-output>
          </reporter-output>
        </test-method> <!-- afterTest -->
      </class> <!-- org.api.AsanaGetRequestTest01 -->
      <class name="org.web.SimpleGoogleTests">
        <test-method status="PASS" signature="init()[pri:0, instance:org.web.SimpleGoogleTests@5edc3e29]" name="init" is-config="true" duration-ms="36292" started-at="2022-10-20T20:38:20 IST" finished-at="2022-10-20T20:38:56 IST">
          <reporter-output>
          </reporter-output>
        </test-method> <!-- init -->
        <test-method status="PASS" signature="searchtest()[pri:0, instance:org.web.SimpleGoogleTests@5edc3e29]" name="searchtest" duration-ms="6107" started-at="2022-10-20T20:39:11 IST" finished-at="2022-10-20T20:39:17 IST">
          <reporter-output>
          </reporter-output>
        </test-method> <!-- searchtest -->
        <test-method status="PASS" signature="finishTests()[pri:0, instance:org.web.SimpleGoogleTests@5edc3e29]" name="finishTests" is-config="true" duration-ms="1300" started-at="2022-10-20T20:39:17 IST" finished-at="2022-10-20T20:39:19 IST">
          <reporter-output>
          </reporter-output>
        </test-method> <!-- finishTests -->
      </class> <!-- org.web.SimpleGoogleTests -->
      <class name="org.test1.MyTest1">
        <test-method status="PASS" signature="init()[pri:0, instance:org.test1.MyTest1@790d8fdd]" name="init" is-config="true" duration-ms="30" started-at="2022-10-20T20:38:20 IST" finished-at="2022-10-20T20:38:20 IST">
          <reporter-output>
          </reporter-output>
        </test-method> <!-- init -->
        <test-method status="PASS" signature="T1()[pri:1, instance:org.test1.MyTest1@790d8fdd]" name="T1" duration-ms="87" started-at="2022-10-20T20:38:56 IST" finished-at="2022-10-20T20:38:56 IST">
          <reporter-output>
          </reporter-output>
        </test-method> <!-- T1 -->
        <test-method status="PASS" signature="testWriteJsonFile()[pri:2, instance:org.test1.MyTest1@790d8fdd]" name="testWriteJsonFile" duration-ms="316" started-at="2022-10-20T20:38:57 IST" finished-at="2022-10-20T20:38:57 IST">
          <reporter-output>
          </reporter-output>
        </test-method> <!-- testWriteJsonFile -->
        <test-method status="PASS" signature="testReadJsonFile()[pri:3, instance:org.test1.MyTest1@790d8fdd]" name="testReadJsonFile" duration-ms="18" started-at="2022-10-20T20:38:57 IST" finished-at="2022-10-20T20:38:57 IST">
          <reporter-output>
          </reporter-output>
        </test-method> <!-- testReadJsonFile -->
      </class> <!-- org.test1.MyTest1 -->
    </test> <!-- Eq-iOS Device Test -->
  </suite> <!-- Android Eq-Suite -->
</testng-results>
