<?xml version="1.0" encoding="UTF-8"?>
<!-- Generated by org.testng.reporters.JUnitXMLReporter -->
<testsuite hostname="DESKTOP-7UV0A7E" ignored="0" name="Eq-iOS Device Test" tests="13" failures="2" timestamp="2022-10-20T20:39:19 IST" time="60.252" errors="0">
  <testcase name="T1" time="0.087" classname="org.test1.MyTest1"/>
  <testcase name="testWriteJsonFile" time="0.316" classname="org.test1.MyTest1"/>
  <testcase name="testReadJsonFile" time="0.018" classname="org.test1.MyTest1"/>
  <testcase name="GetAsanaUsersTest04" time="3.839" classname="org.api.AsanaGetRequestTest01"/>
  <testcase name="GetAsanaUsersUnderWorkspaceTest04" time="1.306" classname="org.api.AsanaGetRequestTest01"/>
  <testcase name="JsonParserT01" time="0.004" classname="org.api.AsanaGetRequestTest01">
    <failure type="java.io.FileNotFoundException" message=".\src\test\resources\data\samplejson.json (The system cannot find the path specified)">
      <![CDATA[java.io.FileNotFoundException: .\src\test\resources\data\samplejson.json (The system cannot find the path specified)
at java.io.FileInputStream.open0(Native Method)
at java.io.FileInputStream.open(FileInputStream.java:195)
at java.io.FileInputStream.<init>(FileInputStream.java:138)
at java.io.FileInputStream.<init>(FileInputStream.java:93)
at java.io.FileReader.<init>(FileReader.java:58)
at org.api.AsanaGetRequestTest01.JsonParserT01(AsanaGetRequestTest01.java:214)
at java.util.ArrayList.forEach(ArrayList.java:1249)
at org.apache.maven.plugin.surefire.InPluginVMSurefireStarter.runSuitesInProcess(InPluginVMSurefireStarter.java:87)
at org.apache.maven.plugin.surefire.AbstractSurefireMojo.executeProvider(AbstractSurefireMojo.java:1295)
at org.apache.maven.plugin.surefire.AbstractSurefireMojo.executeAfterPreconditionsChecked(AbstractSurefireMojo.java:1159)
at org.apache.maven.plugin.surefire.AbstractSurefireMojo.execute(AbstractSurefireMojo.java:932)
at org.apache.maven.plugin.DefaultBuildPluginManager.executeMojo(DefaultBuildPluginManager.java:137)
at org.apache.maven.lifecycle.internal.MojoExecutor.execute(MojoExecutor.java:210)
at org.apache.maven.lifecycle.internal.MojoExecutor.execute(MojoExecutor.java:156)
at org.apache.maven.lifecycle.internal.MojoExecutor.execute(MojoExecutor.java:148)
at org.apache.maven.lifecycle.internal.LifecycleModuleBuilder.buildProject(LifecycleModuleBuilder.java:117)
at org.apache.maven.lifecycle.internal.LifecycleModuleBuilder.buildProject(LifecycleModuleBuilder.java:81)
at org.apache.maven.lifecycle.internal.builder.singlethreaded.SingleThreadedBuilder.build(SingleThreadedBuilder.java:56)
at org.apache.maven.lifecycle.internal.LifecycleStarter.execute(LifecycleStarter.java:128)
at org.apache.maven.DefaultMaven.doExecute(DefaultMaven.java:305)
at org.apache.maven.DefaultMaven.doExecute(DefaultMaven.java:192)
at org.apache.maven.DefaultMaven.execute(DefaultMaven.java:105)
at org.apache.maven.cli.MavenCli.execute(MavenCli.java:972)
at org.apache.maven.cli.MavenCli.doMain(MavenCli.java:293)
at org.apache.maven.cli.MavenCli.main(MavenCli.java:196)
at org.codehaus.plexus.classworlds.launcher.Launcher.launchEnhanced(Launcher.java:282)
at org.codehaus.plexus.classworlds.launcher.Launcher.launch(Launcher.java:225)
at org.codehaus.plexus.classworlds.launcher.Launcher.mainWithExitCode(Launcher.java:406)
at org.codehaus.plexus.classworlds.launcher.Launcher.main(Launcher.java:347)
... Removed 38 stack frames]]>
    </failure>
  </testcase> <!-- JsonParserT01 -->
  <testcase name="JsonPathExampleTest" time="4.408" classname="org.api.AsanaGetRequestTest01"/>
  <testcase name="ParseJsonTest" time="0.002" classname="org.api.AsanaGetRequestTest01"/>
  <testcase name="ParseWorkspaceResonseT02" time="0.002" classname="org.api.AsanaGetRequestTest01">
    <failure type="java.io.FileNotFoundException" message=".\src\test\resources\data\workspace_response.json (The system cannot find the path specified)">
      <![CDATA[java.io.FileNotFoundException: .\src\test\resources\data\workspace_response.json (The system cannot find the path specified)
at java.io.FileInputStream.open0(Native Method)
at java.io.FileInputStream.open(FileInputStream.java:195)
at java.io.FileInputStream.<init>(FileInputStream.java:138)
at java.io.FileInputStream.<init>(FileInputStream.java:93)
at java.io.FileReader.<init>(FileReader.java:58)
at org.api.AsanaGetRequestTest01.ParseWorkspaceResonseT02(AsanaGetRequestTest01.java:236)
at java.util.ArrayList.forEach(ArrayList.java:1249)
at org.apache.maven.plugin.surefire.InPluginVMSurefireStarter.runSuitesInProcess(InPluginVMSurefireStarter.java:87)
at org.apache.maven.plugin.surefire.AbstractSurefireMojo.executeProvider(AbstractSurefireMojo.java:1295)
at org.apache.maven.plugin.surefire.AbstractSurefireMojo.executeAfterPreconditionsChecked(AbstractSurefireMojo.java:1159)
at org.apache.maven.plugin.surefire.AbstractSurefireMojo.execute(AbstractSurefireMojo.java:932)
at org.apache.maven.plugin.DefaultBuildPluginManager.executeMojo(DefaultBuildPluginManager.java:137)
at org.apache.maven.lifecycle.internal.MojoExecutor.execute(MojoExecutor.java:210)
at org.apache.maven.lifecycle.internal.MojoExecutor.execute(MojoExecutor.java:156)
at org.apache.maven.lifecycle.internal.MojoExecutor.execute(MojoExecutor.java:148)
at org.apache.maven.lifecycle.internal.LifecycleModuleBuilder.buildProject(LifecycleModuleBuilder.java:117)
at org.apache.maven.lifecycle.internal.LifecycleModuleBuilder.buildProject(LifecycleModuleBuilder.java:81)
at org.apache.maven.lifecycle.internal.builder.singlethreaded.SingleThreadedBuilder.build(SingleThreadedBuilder.java:56)
at org.apache.maven.lifecycle.internal.LifecycleStarter.execute(LifecycleStarter.java:128)
at org.apache.maven.DefaultMaven.doExecute(DefaultMaven.java:305)
at org.apache.maven.DefaultMaven.doExecute(DefaultMaven.java:192)
at org.apache.maven.DefaultMaven.execute(DefaultMaven.java:105)
at org.apache.maven.cli.MavenCli.execute(MavenCli.java:972)
at org.apache.maven.cli.MavenCli.doMain(MavenCli.java:293)
at org.apache.maven.cli.MavenCli.main(MavenCli.java:196)
at org.codehaus.plexus.classworlds.launcher.Launcher.launchEnhanced(Launcher.java:282)
at org.codehaus.plexus.classworlds.launcher.Launcher.launch(Launcher.java:225)
at org.codehaus.plexus.classworlds.launcher.Launcher.mainWithExitCode(Launcher.java:406)
at org.codehaus.plexus.classworlds.launcher.Launcher.main(Launcher.java:347)
... Removed 38 stack frames]]>
    </failure>
  </testcase> <!-- ParseWorkspaceResonseT02 -->
  <testcase name="Test03" time="1.242" classname="org.api.AsanaGetRequestTest01"/>
  <testcase name="getAsanaWorkSpacesTest01" time="1.558" classname="org.api.AsanaGetRequestTest01"/>
  <testcase name="getTotalAsanaProjectsTest02" time="1.865" classname="org.api.AsanaGetRequestTest01"/>
  <testcase name="searchtest" time="6.107" classname="org.web.SimpleGoogleTests"/>
</testsuite> <!-- Eq-iOS Device Test -->
